<?xml version="1.0" encoding="UTF-8"?>
<!-- Generated by org.testng.reporters.JUnitReportReporter -->
<testsuite hostname="Fatema-Kassim" failures="0" tests="1" name="letcode.S_File" time="30.471" errors="0" timestamp="2025-04-04T14:41:57 GST" skipped="0">
  <testcase classname="letcode.S_File" name="selectBirthday" time="30.471"/>
</testsuite> <!-- letcode.S_File -->
