<?xml version="1.0" encoding="UTF-8"?>
<!-- Generated by org.testng.reporters.JUnitReportReporter -->
<testsuite hostname="Fatema-Kassim" failures="0" tests="1" name="letcode.A_Input" time="5.578" errors="0" timestamp="2025-03-11T21:04:19 GST" skipped="0">
  <testcase classname="letcode.A_Input" name="input" time="5.578"/>
</testsuite> <!-- letcode.A_Input -->
