<?xml version="1.0" encoding="UTF-8"?>
<!-- Generated by org.testng.reporters.JUnitReportReporter -->
<testsuite hostname="Fatema-Kassim" failures="0" tests="1" name="letcode.Drag" time="8.236" errors="0" timestamp="2024-11-18T13:09:43 GST" skipped="0">
  <testcase classname="letcode.Drag" name="drag" time="8.236"/>
</testsuite> <!-- letcode.Drag -->
