<?xml version="1.0" encoding="UTF-8"?>
<!-- Generated by org.testng.reporters.JUnitReportReporter -->
<testsuite hostname="Fatema-Kassim" failures="0" tests="1" name="letcode.J_DrapAndDrop" time="11.792" errors="0" timestamp="2025-03-11T21:04:19 GST" skipped="0">
  <testcase classname="letcode.J_DrapAndDrop" name="dragDrop" time="11.792"/>
</testsuite> <!-- letcode.J_DrapAndDrop -->
