<?xml version="1.0" encoding="UTF-8"?>
<!-- Generated by org.testng.reporters.JUnitReportReporter -->
<testsuite hostname="Fatema-Kassim" failures="0" tests="1" name="letcode.C_Select" time="7.902" errors="0" timestamp="2025-03-11T21:04:19 GST" skipped="0">
  <testcase classname="letcode.C_Select" name="select" time="7.902"/>
</testsuite> <!-- letcode.C_Select -->
