<?xml version="1.0" encoding="UTF-8"?>
<!-- Generated by org.testng.reporters.JUnitReportReporter -->
<testsuite hostname="Fatema-Kassim" failures="0" tests="1" name="letcode.R_Forms" time="11.925" errors="0" timestamp="2025-04-03T18:21:30 GST" skipped="0">
  <testcase classname="letcode.R_Forms" name="selectBirthday" time="11.925"/>
</testsuite> <!-- letcode.R_Forms -->
