<?xml version="1.0" encoding="UTF-8"?>
<!-- Generated by org.testng.reporters.JUnitReportReporter -->
<testsuite hostname="Fatema-Kassim" failures="0" tests="1" name="letcode.M_Slider" time="12.378" errors="0" timestamp="2025-03-13T13:50:24 GST" skipped="0">
  <testcase classname="letcode.M_Slider" name="slider" time="12.378"/>
</testsuite> <!-- letcode.M_Slider -->
