<?xml version="1.0" encoding="UTF-8"?>
<!-- Generated by org.testng.reporters.JUnitReportReporter -->
<testsuite hostname="Fatema-Kassim" failures="0" tests="1" name="letcode.T_ShadowDom" time="11.616" errors="0" timestamp="2025-04-04T14:56:24 GST" skipped="0">
  <testcase classname="letcode.T_ShadowDom" name="selectBirthday" time="11.616"/>
</testsuite> <!-- letcode.T_ShadowDom -->
