<?xml version="1.0" encoding="UTF-8"?>
<!-- Generated by org.testng.reporters.JUnitReportReporter -->
<testsuite hostname="Fatema-Kassim" failures="0" tests="1" name="letcode.Q_Calendar" time="5.956" errors="0" timestamp="2025-03-26T13:30:40 GST" skipped="0">
  <testcase classname="letcode.Q_Calendar" name="selectBirthday" time="5.956"/>
</testsuite> <!-- letcode.Q_Calendar -->
