<?xml version="1.0" encoding="UTF-8"?>
<!-- Generated by org.testng.reporters.JUnitReportReporter -->
<testsuite hostname="Fatema-Kassim" failures="0" tests="1" name="letcode.drapAndDrop" time="8.255" errors="0" timestamp="2024-11-20T21:04:05 GST" skipped="0">
  <testcase classname="letcode.drapAndDrop" name="dragDrop" time="8.255"/>
</testsuite> <!-- letcode.drapAndDrop -->
