<?xml version="1.0" encoding="UTF-8"?>
<!-- Generated by org.testng.reporters.JUnitReportReporter -->
<testsuite hostname="Fatema-Kassim" failures="0" tests="1" name="letcode.O_Tables" time="8.831" errors="0" timestamp="2025-03-24T13:29:01 GST" skipped="0">
  <testcase classname="letcode.O_Tables" name="handlingTable" time="8.831"/>
</testsuite> <!-- letcode.O_Tables -->
