<?xml version="1.0" encoding="UTF-8"?>
<!-- Generated by org.testng.reporters.JUnitReportReporter -->
<testsuite hostname="Fatema-Kassim" failures="0" tests="1" name="letcode.Elements" time="9.198" errors="0" timestamp="2024-11-17T14:26:10 GST" skipped="0">
  <testcase classname="letcode.Elements" name="Elements" time="9.198"/>
</testsuite> <!-- letcode.Elements -->
