<?xml version="1.0" encoding="UTF-8"?>
<!-- Generated by org.testng.reporters.JUnitReportReporter -->
<testsuite hostname="Fatema-Kassim" failures="0" tests="1" name="letcode.L_MultiSelect" time="11.720" errors="0" timestamp="2025-03-13T12:06:52 GST" skipped="0">
  <testcase classname="letcode.L_MultiSelect" name="selectAll" time="11.720"/>
</testsuite> <!-- letcode.L_MultiSelect -->
