<?xml version="1.0" encoding="UTF-8"?>
<!-- Generated by org.testng.reporters.JUnitReportReporter -->
<testsuite hostname="Fatema-Kassim" failures="0" tests="2" name="letcode.Window" time="21.481" errors="0" timestamp="2024-12-31T15:16:51 GST" skipped="0">
  <testcase classname="letcode.Window" name="handlingSingleWIndow" time="12.179"/>
  <testcase classname="letcode.Window" name="handlingMultipleWIndow" time="9.302"/>
</testsuite> <!-- letcode.Window -->
