<?xml version="1.0" encoding="UTF-8"?>
<!-- Generated by org.testng.reporters.JUnitReportReporter -->
<testsuite hostname="Fatema-Kassim" failures="0" tests="1" name="letcode.N_Waits" time="10.890" errors="0" timestamp="2025-03-13T13:58:18 GST" skipped="0">
  <testcase classname="letcode.N_Waits" name="waitForAlert" time="10.890"/>
</testsuite> <!-- letcode.N_Waits -->
