<?xml version="1.0" encoding="UTF-8"?>
<!-- Generated by org.testng.reporters.JUnitReportReporter -->
<testsuite hostname="Fatema-Kassim" failures="0" tests="2" name="letcode.G_Window" time="18.359" errors="0" timestamp="2025-03-11T21:04:19 GST" skipped="0">
  <testcase classname="letcode.G_Window" name="window" time="9.648"/>
  <testcase classname="letcode.G_Window" name="multipleWIndow" time="8.711"/>
</testsuite> <!-- letcode.G_Window -->
