<?xml version="1.0" encoding="UTF-8"?>
<!-- Generated by org.testng.reporters.JUnitReportReporter -->
<testsuite hostname="Fatema-Kassim" failures="0" tests="1" name="letcode.F_Radio_Checkbox" time="14.852" errors="0" timestamp="2025-03-11T21:04:19 GST" skipped="0">
  <testcase classname="letcode.F_Radio_Checkbox" name="radioCheckbox" time="14.852"/>
</testsuite> <!-- letcode.F_Radio_Checkbox -->
