<?xml version="1.0" encoding="UTF-8"?>
<!-- Generated by org.testng.reporters.JUnitReportReporter -->
<testsuite hostname="Fatema-Kassim" failures="0" tests="1" name="letcode.D_Alert" time="10.826" errors="0" timestamp="2025-03-11T21:04:19 GST" skipped="0">
  <testcase classname="letcode.D_Alert" name="alert" time="10.826"/>
</testsuite> <!-- letcode.D_Alert -->
