<?xml version="1.0" encoding="UTF-8"?>
<!-- Generated by org.testng.reporters.JUnitReportReporter -->
<testsuite hostname="Fatema-Kassim" failures="0" tests="1" name="letcode.E_Frame" time="10.102" errors="0" timestamp="2025-03-11T21:04:19 GST" skipped="0">
  <testcase classname="letcode.E_Frame" name="frame" time="10.102"/>
</testsuite> <!-- letcode.E_Frame -->
